2019-02-22 09:54:31.031 [main] DEBUG com.wyw.eshop.inventory.EshopInventoryApplication - Running with Spring Boot v2.1.3.RELEASE, Spring v5.1.5.RELEASE
2019-02-22 09:54:41.852 [http-nio-8080-exec-1] DEBUG c.w.e.i.mapper.ProductInventoryMapper.findById - ==>  Preparing: select * from product_inventory WHERE product_id = ? 
2019-02-22 09:54:41.882 [http-nio-8080-exec-1] DEBUG c.w.e.i.mapper.ProductInventoryMapper.findById - ==> Parameters: 4(Integer)
2019-02-22 09:54:41.904 [http-nio-8080-exec-1] DEBUG c.w.e.i.mapper.ProductInventoryMapper.findById - <==      Total: 1
2019-02-22 15:50:51.960 [main] DEBUG com.wyw.eshop.inventory.EshopInventoryApplication - Running with Spring Boot v2.1.3.RELEASE, Spring v5.1.5.RELEASE
2019-02-22 15:52:29.137 [main] DEBUG com.wyw.eshop.inventory.EshopInventoryApplication - Running with Spring Boot v2.1.3.RELEASE, Spring v5.1.5.RELEASE
2019-02-22 15:52:46.859 [pool-2-thread-1] DEBUG c.w.e.i.mapper.ProductInventoryMapper.findById - ==>  Preparing: select * from product_inventory WHERE product_id = ? 
2019-02-22 15:52:46.892 [pool-2-thread-1] DEBUG c.w.e.i.mapper.ProductInventoryMapper.findById - ==> Parameters: 4(Integer)
2019-02-22 15:52:46.917 [pool-2-thread-1] DEBUG c.w.e.i.mapper.ProductInventoryMapper.findById - <==      Total: 1
2019-02-22 15:57:12.866 [main] DEBUG com.wyw.eshop.inventory.EshopInventoryApplication - Running with Spring Boot v2.1.3.RELEASE, Spring v5.1.5.RELEASE
2019-02-22 15:59:28.096 [main] DEBUG com.wyw.eshop.inventory.EshopInventoryApplication - Running with Spring Boot v2.1.3.RELEASE, Spring v5.1.5.RELEASE
2019-02-22 16:04:11.361 [main] DEBUG com.wyw.eshop.inventory.EshopInventoryApplication - Running with Spring Boot v2.1.3.RELEASE, Spring v5.1.5.RELEASE
2019-02-22 16:06:48.435 [pool-2-thread-2] DEBUG c.w.e.i.mapper.ProductInventoryMapper.findById - ==>  Preparing: select * from product_inventory WHERE product_id = ? 
2019-02-22 16:06:48.500 [pool-2-thread-2] DEBUG c.w.e.i.mapper.ProductInventoryMapper.findById - ==> Parameters: 1(Integer)
2019-02-22 16:06:48.540 [pool-2-thread-2] DEBUG c.w.e.i.mapper.ProductInventoryMapper.findById - <==      Total: 1
2019-02-22 16:06:48.555 [http-nio-8080-exec-5] DEBUG c.w.e.i.mapper.ProductInventoryMapper.findById - ==>  Preparing: select * from product_inventory WHERE product_id = ? 
2019-02-22 16:06:48.556 [http-nio-8080-exec-5] DEBUG c.w.e.i.mapper.ProductInventoryMapper.findById - ==> Parameters: 1(Integer)
2019-02-22 16:06:48.557 [http-nio-8080-exec-5] DEBUG c.w.e.i.mapper.ProductInventoryMapper.findById - <==      Total: 1
2019-02-22 16:06:51.461 [pool-2-thread-1] DEBUG c.w.e.i.mapper.ProductInventoryMapper.findById - ==>  Preparing: select * from product_inventory WHERE product_id = ? 
2019-02-22 16:06:51.461 [pool-2-thread-1] DEBUG c.w.e.i.mapper.ProductInventoryMapper.findById - ==> Parameters: 2(Integer)
2019-02-22 16:06:51.465 [pool-2-thread-1] DEBUG c.w.e.i.mapper.ProductInventoryMapper.findById - <==      Total: 1
2019-02-22 16:06:55.148 [http-nio-8080-exec-7] DEBUG c.w.e.i.mapper.ProductInventoryMapper.findById - ==>  Preparing: select * from product_inventory WHERE product_id = ? 
2019-02-22 16:06:55.148 [http-nio-8080-exec-7] DEBUG c.w.e.i.mapper.ProductInventoryMapper.findById - ==> Parameters: 3(Integer)
2019-02-22 16:06:55.150 [http-nio-8080-exec-7] DEBUG c.w.e.i.mapper.ProductInventoryMapper.findById - <==      Total: 1
2019-02-22 16:06:57.201 [http-nio-8080-exec-8] DEBUG c.w.e.i.mapper.ProductInventoryMapper.findById - ==>  Preparing: select * from product_inventory WHERE product_id = ? 
2019-02-22 16:06:57.202 [http-nio-8080-exec-8] DEBUG c.w.e.i.mapper.ProductInventoryMapper.findById - ==> Parameters: 4(Integer)
2019-02-22 16:06:57.203 [http-nio-8080-exec-8] DEBUG c.w.e.i.mapper.ProductInventoryMapper.findById - <==      Total: 1
