2019-03-12 10:52:10.765 [reactor-http-epoll-2] ERROR o.s.b.a.w.r.error.AbstractErrorWebExceptionHandler - [cc7db1cb] 500 Server Error for HTTP GET "/pro-intro/findById/1"
org.springframework.jdbc.UncategorizedSQLException: Error attempting to get column 'content' from result set.  Cause: java.sql.SQLException: Error
; uncategorized SQLException; SQL state [null]; error code [0]; Error; nested exception is java.sql.SQLException: Error
	at org.springframework.jdbc.support.AbstractFallbackSQLExceptionTranslator.translate(AbstractFallbackSQLExceptionTranslator.java:89)
	at org.springframework.jdbc.support.AbstractFallbackSQLExceptionTranslator.translate(AbstractFallbackSQLExceptionTranslator.java:81)
	at org.springframework.jdbc.support.AbstractFallbackSQLExceptionTranslator.translate(AbstractFallbackSQLExceptionTranslator.java:81)
	at org.mybatis.spring.MyBatisExceptionTranslator.translateExceptionIfPossible(MyBatisExceptionTranslator.java:73)
	at org.mybatis.spring.SqlSessionTemplate$SqlSessionInterceptor.invoke(SqlSessionTemplate.java:446)
	at com.sun.proxy.$Proxy63.selectOne(Unknown Source)
	at org.mybatis.spring.SqlSessionTemplate.selectOne(SqlSessionTemplate.java:166)
	at org.apache.ibatis.binding.MapperMethod.execute(MapperMethod.java:84)
	at org.apache.ibatis.binding.MapperProxy.invoke(MapperProxy.java:58)
	at com.sun.proxy.$Proxy67.selectByPrimaryKey(Unknown Source)
	at com.wyw.eshop.webflux.handler.ProductIntroductionHandler.findById(ProductIntroductionHandler.java:20)
	at com.wyw.eshop.webflux.handler.ProductIntroductionHandler.findById(ProductIntroductionHandler.java:28)
	at org.springframework.web.reactive.function.server.support.HandlerFunctionAdapter.handle(HandlerFunctionAdapter.java:61)
	at org.springframework.web.reactive.DispatcherHandler.invokeHandler(DispatcherHandler.java:166)
	at org.springframework.web.reactive.DispatcherHandler.lambda$handle$1(DispatcherHandler.java:151)
	at reactor.core.publisher.MonoFlatMap$FlatMapMain.onNext(MonoFlatMap.java:118)
	at reactor.core.publisher.FluxSwitchIfEmpty$SwitchIfEmptySubscriber.onNext(FluxSwitchIfEmpty.java:67)
	at reactor.core.publisher.MonoNext$NextSubscriber.onNext(MonoNext.java:76)
	at reactor.core.publisher.FluxConcatMap$ConcatMapImmediate.innerNext(FluxConcatMap.java:275)
	at reactor.core.publisher.FluxConcatMap$ConcatMapInner.onNext(FluxConcatMap.java:849)
	at reactor.core.publisher.FluxMapFuseable$MapFuseableSubscriber.onNext(FluxMapFuseable.java:121)
	at reactor.core.publisher.FluxPeekFuseable$PeekFuseableSubscriber.onNext(FluxPeekFuseable.java:204)
	at reactor.core.publisher.Operators$ScalarSubscription.request(Operators.java:2070)
	at reactor.core.publisher.FluxPeekFuseable$PeekFuseableSubscriber.request(FluxPeekFuseable.java:138)
	at reactor.core.publisher.FluxMapFuseable$MapFuseableSubscriber.request(FluxMapFuseable.java:162)
	at reactor.core.publisher.Operators$MultiSubscriptionSubscriber.set(Operators.java:1878)
	at reactor.core.publisher.Operators$MultiSubscriptionSubscriber.onSubscribe(Operators.java:1752)
	at reactor.core.publisher.FluxMapFuseable$MapFuseableSubscriber.onSubscribe(FluxMapFuseable.java:90)
	at reactor.core.publisher.FluxPeekFuseable$PeekFuseableSubscriber.onSubscribe(FluxPeekFuseable.java:172)
	at reactor.core.publisher.MonoJust.subscribe(MonoJust.java:54)
	at reactor.core.publisher.MonoPeekFuseable.subscribe(MonoPeekFuseable.java:74)
	at reactor.core.publisher.MonoMapFuseable.subscribe(MonoMapFuseable.java:59)
	at reactor.core.publisher.Mono.subscribe(Mono.java:3694)
	at reactor.core.publisher.FluxConcatMap$ConcatMapImmediate.drain(FluxConcatMap.java:442)
	at reactor.core.publisher.FluxConcatMap$ConcatMapImmediate.onSubscribe(FluxConcatMap.java:212)
	at reactor.core.publisher.FluxIterable.subscribe(FluxIterable.java:139)
	at reactor.core.publisher.FluxIterable.subscribe(FluxIterable.java:63)
	at reactor.core.publisher.FluxConcatMap.subscribe(FluxConcatMap.java:121)
	at reactor.core.publisher.MonoNext.subscribe(MonoNext.java:40)
	at reactor.core.publisher.MonoSwitchIfEmpty.subscribe(MonoSwitchIfEmpty.java:44)
	at reactor.core.publisher.MonoFlatMap.subscribe(MonoFlatMap.java:60)
	at reactor.core.publisher.MonoFlatMap.subscribe(MonoFlatMap.java:60)
	at reactor.core.publisher.MonoDefer.subscribe(MonoDefer.java:52)
	at reactor.core.publisher.MonoDefer.subscribe(MonoDefer.java:52)
	at reactor.core.publisher.MonoOnErrorResume.subscribe(MonoOnErrorResume.java:44)
	at reactor.core.publisher.MonoOnErrorResume.subscribe(MonoOnErrorResume.java:44)
	at reactor.core.publisher.MonoPeekTerminal.subscribe(MonoPeekTerminal.java:61)
	at reactor.core.publisher.MonoOnErrorResume.subscribe(MonoOnErrorResume.java:44)
	at reactor.core.publisher.Mono.subscribe(Mono.java:3694)
	at reactor.core.publisher.MonoIgnoreThen$ThenIgnoreMain.drain(MonoIgnoreThen.java:172)
	at reactor.core.publisher.MonoIgnoreThen.subscribe(MonoIgnoreThen.java:56)
	at reactor.core.publisher.MonoPeekFuseable.subscribe(MonoPeekFuseable.java:70)
	at reactor.core.publisher.MonoPeekTerminal.subscribe(MonoPeekTerminal.java:61)
	at reactor.netty.http.server.HttpServerHandle.onStateChange(HttpServerHandle.java:64)
	at reactor.netty.tcp.TcpServerBind$ChildObserver.onStateChange(TcpServerBind.java:234)
	at reactor.netty.http.server.HttpServerOperations.onInboundNext(HttpServerOperations.java:436)
	at reactor.netty.channel.ChannelOperationsHandler.channelRead(ChannelOperationsHandler.java:141)
	at io.netty.channel.AbstractChannelHandlerContext.invokeChannelRead(AbstractChannelHandlerContext.java:362)
	at io.netty.channel.AbstractChannelHandlerContext.invokeChannelRead(AbstractChannelHandlerContext.java:348)
	at io.netty.channel.AbstractChannelHandlerContext.fireChannelRead(AbstractChannelHandlerContext.java:340)
	at reactor.netty.http.server.HttpTrafficHandler.channelRead(HttpTrafficHandler.java:162)
	at io.netty.channel.AbstractChannelHandlerContext.invokeChannelRead(AbstractChannelHandlerContext.java:362)
	at io.netty.channel.AbstractChannelHandlerContext.invokeChannelRead(AbstractChannelHandlerContext.java:348)
	at io.netty.channel.AbstractChannelHandlerContext.fireChannelRead(AbstractChannelHandlerContext.java:340)
	at io.netty.channel.CombinedChannelDuplexHandler$DelegatingChannelHandlerContext.fireChannelRead(CombinedChannelDuplexHandler.java:438)
	at io.netty.handler.codec.ByteToMessageDecoder.fireChannelRead(ByteToMessageDecoder.java:323)
	at io.netty.handler.codec.ByteToMessageDecoder.channelRead(ByteToMessageDecoder.java:297)
	at io.netty.channel.CombinedChannelDuplexHandler.channelRead(CombinedChannelDuplexHandler.java:253)
	at io.netty.channel.AbstractChannelHandlerContext.invokeChannelRead(AbstractChannelHandlerContext.java:362)
	at io.netty.channel.AbstractChannelHandlerContext.invokeChannelRead(AbstractChannelHandlerContext.java:348)
	at io.netty.channel.AbstractChannelHandlerContext.fireChannelRead(AbstractChannelHandlerContext.java:340)
	at io.netty.channel.DefaultChannelPipeline$HeadContext.channelRead(DefaultChannelPipeline.java:1408)
	at io.netty.channel.AbstractChannelHandlerContext.invokeChannelRead(AbstractChannelHandlerContext.java:362)
	at io.netty.channel.AbstractChannelHandlerContext.invokeChannelRead(AbstractChannelHandlerContext.java:348)
	at io.netty.channel.DefaultChannelPipeline.fireChannelRead(DefaultChannelPipeline.java:930)
	at io.netty.channel.epoll.AbstractEpollStreamChannel$EpollStreamUnsafe.epollInReady(AbstractEpollStreamChannel.java:799)
	at io.netty.channel.epoll.EpollEventLoop.processReady(EpollEventLoop.java:427)
	at io.netty.channel.epoll.EpollEventLoop.run(EpollEventLoop.java:328)
	at io.netty.util.concurrent.SingleThreadEventExecutor$5.run(SingleThreadEventExecutor.java:905)
	at java.lang.Thread.run(Thread.java:748)
Caused by: java.sql.SQLException: Error
	at com.alibaba.druid.pool.DruidDataSource.handleConnectionException(DruidDataSource.java:1614)
	at com.alibaba.druid.pool.DruidPooledConnection.handleException(DruidPooledConnection.java:133)
	at com.alibaba.druid.pool.DruidPooledStatement.checkException(DruidPooledStatement.java:77)
	at com.alibaba.druid.pool.DruidPooledResultSet.checkException(DruidPooledResultSet.java:55)
	at com.alibaba.druid.pool.DruidPooledResultSet.getInt(DruidPooledResultSet.java:295)
	at org.apache.ibatis.type.IntegerTypeHandler.getNullableResult(IntegerTypeHandler.java:37)
	at org.apache.ibatis.type.IntegerTypeHandler.getNullableResult(IntegerTypeHandler.java:26)
	at org.apache.ibatis.type.BaseTypeHandler.getResult(BaseTypeHandler.java:81)
	at org.apache.ibatis.executor.resultset.DefaultResultSetHandler.getPropertyMappingValue(DefaultResultSetHandler.java:472)
	at org.apache.ibatis.executor.resultset.DefaultResultSetHandler.applyPropertyMappings(DefaultResultSetHandler.java:441)
	at org.apache.ibatis.executor.resultset.DefaultResultSetHandler.getRowValue(DefaultResultSetHandler.java:404)
	at org.apache.ibatis.executor.resultset.DefaultResultSetHandler.handleRowValuesForSimpleResultMap(DefaultResultSetHandler.java:354)
	at org.apache.ibatis.executor.resultset.DefaultResultSetHandler.handleRowValues(DefaultResultSetHandler.java:328)
	at org.apache.ibatis.executor.resultset.DefaultResultSetHandler.handleResultSet(DefaultResultSetHandler.java:301)
	at org.apache.ibatis.executor.resultset.DefaultResultSetHandler.handleResultSets(DefaultResultSetHandler.java:194)
	at org.apache.ibatis.executor.statement.PreparedStatementHandler.query(PreparedStatementHandler.java:65)
	at org.apache.ibatis.executor.statement.RoutingStatementHandler.query(RoutingStatementHandler.java:79)
	at org.apache.ibatis.executor.SimpleExecutor.doQuery(SimpleExecutor.java:63)
	at org.apache.ibatis.executor.BaseExecutor.queryFromDatabase(BaseExecutor.java:324)
	at org.apache.ibatis.executor.BaseExecutor.query(BaseExecutor.java:156)
	at org.apache.ibatis.executor.CachingExecutor.query(CachingExecutor.java:109)
	at com.github.pagehelper.PageInterceptor.intercept(PageInterceptor.java:143)
	at org.apache.ibatis.plugin.Plugin.invoke(Plugin.java:61)
	at com.sun.proxy.$Proxy79.query(Unknown Source)
	at org.apache.ibatis.session.defaults.DefaultSqlSession.selectList(DefaultSqlSession.java:148)
	at org.apache.ibatis.session.defaults.DefaultSqlSession.selectList(DefaultSqlSession.java:141)
	at org.apache.ibatis.session.defaults.DefaultSqlSession.selectOne(DefaultSqlSession.java:77)
	at sun.reflect.NativeMethodAccessorImpl.invoke0(Native Method)
	at sun.reflect.NativeMethodAccessorImpl.invoke(NativeMethodAccessorImpl.java:62)
	at sun.reflect.DelegatingMethodAccessorImpl.invoke(DelegatingMethodAccessorImpl.java:43)
	at java.lang.reflect.Method.invoke(Method.java:498)
	at org.mybatis.spring.SqlSessionTemplate$SqlSessionInterceptor.invoke(SqlSessionTemplate.java:433)
	... 75 common frames omitted
Caused by: java.lang.NumberFormatException: For input string: "laoniubile"
	at sun.misc.FloatingDecimal.readJavaFormatString(FloatingDecimal.java:2043)
	at sun.misc.FloatingDecimal.parseDouble(FloatingDecimal.java:110)
	at java.lang.Double.parseDouble(Double.java:538)
	at com.mysql.cj.protocol.a.MysqlTextValueDecoder.decodeDouble(MysqlTextValueDecoder.java:228)
	at com.mysql.cj.result.StringConverter.createFromBytes(StringConverter.java:114)
	at com.mysql.cj.protocol.a.MysqlTextValueDecoder.decodeByteArray(MysqlTextValueDecoder.java:238)
	at com.mysql.cj.protocol.result.AbstractResultsetRow.decodeAndCreateReturnValue(AbstractResultsetRow.java:143)
	at com.mysql.cj.protocol.result.AbstractResultsetRow.getValueFromBytes(AbstractResultsetRow.java:250)
	at com.mysql.cj.protocol.a.result.ByteArrayRow.getValue(ByteArrayRow.java:91)
	at com.mysql.cj.jdbc.result.ResultSetImpl.getNonStringValueFromRow(ResultSetImpl.java:656)
	at com.mysql.cj.jdbc.result.ResultSetImpl.getInt(ResultSetImpl.java:896)
	at com.mysql.cj.jdbc.result.ResultSetImpl.getInt(ResultSetImpl.java:916)
	at com.alibaba.druid.pool.DruidPooledResultSet.getInt(DruidPooledResultSet.java:293)
	... 102 common frames omitted
2019-03-12 10:53:59.344 [reactor-http-epoll-3] ERROR o.s.b.a.w.r.error.AbstractErrorWebExceptionHandler - [20836fef] 500 Server Error for HTTP GET "/pro-intro/findById/1"
org.springframework.jdbc.UncategorizedSQLException: Error attempting to get column 'content' from result set.  Cause: java.sql.SQLException: Error
; uncategorized SQLException; SQL state [null]; error code [0]; Error; nested exception is java.sql.SQLException: Error
	at org.springframework.jdbc.support.AbstractFallbackSQLExceptionTranslator.translate(AbstractFallbackSQLExceptionTranslator.java:89)
	at org.springframework.jdbc.support.AbstractFallbackSQLExceptionTranslator.translate(AbstractFallbackSQLExceptionTranslator.java:81)
	at org.springframework.jdbc.support.AbstractFallbackSQLExceptionTranslator.translate(AbstractFallbackSQLExceptionTranslator.java:81)
	at org.mybatis.spring.MyBatisExceptionTranslator.translateExceptionIfPossible(MyBatisExceptionTranslator.java:73)
	at org.mybatis.spring.SqlSessionTemplate$SqlSessionInterceptor.invoke(SqlSessionTemplate.java:446)
	at com.sun.proxy.$Proxy63.selectOne(Unknown Source)
	at org.mybatis.spring.SqlSessionTemplate.selectOne(SqlSessionTemplate.java:166)
	at org.apache.ibatis.binding.MapperMethod.execute(MapperMethod.java:84)
	at org.apache.ibatis.binding.MapperProxy.invoke(MapperProxy.java:58)
	at com.sun.proxy.$Proxy67.selectByPrimaryKey(Unknown Source)
	at com.wyw.eshop.webflux.handler.ProductIntroductionHandler.findById(ProductIntroductionHandler.java:20)
	at com.wyw.eshop.webflux.handler.ProductIntroductionHandler.findById(ProductIntroductionHandler.java:28)
	at org.springframework.web.reactive.function.server.support.HandlerFunctionAdapter.handle(HandlerFunctionAdapter.java:61)
	at org.springframework.web.reactive.DispatcherHandler.invokeHandler(DispatcherHandler.java:166)
	at org.springframework.web.reactive.DispatcherHandler.lambda$handle$1(DispatcherHandler.java:151)
	at reactor.core.publisher.MonoFlatMap$FlatMapMain.onNext(MonoFlatMap.java:118)
	at reactor.core.publisher.FluxSwitchIfEmpty$SwitchIfEmptySubscriber.onNext(FluxSwitchIfEmpty.java:67)
	at reactor.core.publisher.MonoNext$NextSubscriber.onNext(MonoNext.java:76)
	at reactor.core.publisher.FluxConcatMap$ConcatMapImmediate.innerNext(FluxConcatMap.java:275)
	at reactor.core.publisher.FluxConcatMap$ConcatMapInner.onNext(FluxConcatMap.java:849)
	at reactor.core.publisher.FluxMapFuseable$MapFuseableSubscriber.onNext(FluxMapFuseable.java:121)
	at reactor.core.publisher.FluxPeekFuseable$PeekFuseableSubscriber.onNext(FluxPeekFuseable.java:204)
	at reactor.core.publisher.Operators$ScalarSubscription.request(Operators.java:2070)
	at reactor.core.publisher.FluxPeekFuseable$PeekFuseableSubscriber.request(FluxPeekFuseable.java:138)
	at reactor.core.publisher.FluxMapFuseable$MapFuseableSubscriber.request(FluxMapFuseable.java:162)
	at reactor.core.publisher.Operators$MultiSubscriptionSubscriber.set(Operators.java:1878)
	at reactor.core.publisher.Operators$MultiSubscriptionSubscriber.onSubscribe(Operators.java:1752)
	at reactor.core.publisher.FluxMapFuseable$MapFuseableSubscriber.onSubscribe(FluxMapFuseable.java:90)
	at reactor.core.publisher.FluxPeekFuseable$PeekFuseableSubscriber.onSubscribe(FluxPeekFuseable.java:172)
	at reactor.core.publisher.MonoJust.subscribe(MonoJust.java:54)
	at reactor.core.publisher.MonoPeekFuseable.subscribe(MonoPeekFuseable.java:74)
	at reactor.core.publisher.MonoMapFuseable.subscribe(MonoMapFuseable.java:59)
	at reactor.core.publisher.Mono.subscribe(Mono.java:3694)
	at reactor.core.publisher.FluxConcatMap$ConcatMapImmediate.drain(FluxConcatMap.java:442)
	at reactor.core.publisher.FluxConcatMap$ConcatMapImmediate.onSubscribe(FluxConcatMap.java:212)
	at reactor.core.publisher.FluxIterable.subscribe(FluxIterable.java:139)
	at reactor.core.publisher.FluxIterable.subscribe(FluxIterable.java:63)
	at reactor.core.publisher.FluxConcatMap.subscribe(FluxConcatMap.java:121)
	at reactor.core.publisher.MonoNext.subscribe(MonoNext.java:40)
	at reactor.core.publisher.MonoSwitchIfEmpty.subscribe(MonoSwitchIfEmpty.java:44)
	at reactor.core.publisher.MonoFlatMap.subscribe(MonoFlatMap.java:60)
	at reactor.core.publisher.MonoFlatMap.subscribe(MonoFlatMap.java:60)
	at reactor.core.publisher.MonoDefer.subscribe(MonoDefer.java:52)
	at reactor.core.publisher.MonoDefer.subscribe(MonoDefer.java:52)
	at reactor.core.publisher.MonoOnErrorResume.subscribe(MonoOnErrorResume.java:44)
	at reactor.core.publisher.MonoOnErrorResume.subscribe(MonoOnErrorResume.java:44)
	at reactor.core.publisher.MonoPeekTerminal.subscribe(MonoPeekTerminal.java:61)
	at reactor.core.publisher.MonoOnErrorResume.subscribe(MonoOnErrorResume.java:44)
	at reactor.core.publisher.Mono.subscribe(Mono.java:3694)
	at reactor.core.publisher.MonoIgnoreThen$ThenIgnoreMain.drain(MonoIgnoreThen.java:172)
	at reactor.core.publisher.MonoIgnoreThen.subscribe(MonoIgnoreThen.java:56)
	at reactor.core.publisher.MonoPeekFuseable.subscribe(MonoPeekFuseable.java:70)
	at reactor.core.publisher.MonoPeekTerminal.subscribe(MonoPeekTerminal.java:61)
	at reactor.netty.http.server.HttpServerHandle.onStateChange(HttpServerHandle.java:64)
	at reactor.netty.tcp.TcpServerBind$ChildObserver.onStateChange(TcpServerBind.java:234)
	at reactor.netty.http.server.HttpServerOperations.onInboundNext(HttpServerOperations.java:436)
	at reactor.netty.channel.ChannelOperationsHandler.channelRead(ChannelOperationsHandler.java:141)
	at io.netty.channel.AbstractChannelHandlerContext.invokeChannelRead(AbstractChannelHandlerContext.java:362)
	at io.netty.channel.AbstractChannelHandlerContext.invokeChannelRead(AbstractChannelHandlerContext.java:348)
	at io.netty.channel.AbstractChannelHandlerContext.fireChannelRead(AbstractChannelHandlerContext.java:340)
	at reactor.netty.http.server.HttpTrafficHandler.channelRead(HttpTrafficHandler.java:162)
	at io.netty.channel.AbstractChannelHandlerContext.invokeChannelRead(AbstractChannelHandlerContext.java:362)
	at io.netty.channel.AbstractChannelHandlerContext.invokeChannelRead(AbstractChannelHandlerContext.java:348)
	at io.netty.channel.AbstractChannelHandlerContext.fireChannelRead(AbstractChannelHandlerContext.java:340)
	at io.netty.channel.CombinedChannelDuplexHandler$DelegatingChannelHandlerContext.fireChannelRead(CombinedChannelDuplexHandler.java:438)
	at io.netty.handler.codec.ByteToMessageDecoder.fireChannelRead(ByteToMessageDecoder.java:323)
	at io.netty.handler.codec.ByteToMessageDecoder.channelRead(ByteToMessageDecoder.java:297)
	at io.netty.channel.CombinedChannelDuplexHandler.channelRead(CombinedChannelDuplexHandler.java:253)
	at io.netty.channel.AbstractChannelHandlerContext.invokeChannelRead(AbstractChannelHandlerContext.java:362)
	at io.netty.channel.AbstractChannelHandlerContext.invokeChannelRead(AbstractChannelHandlerContext.java:348)
	at io.netty.channel.AbstractChannelHandlerContext.fireChannelRead(AbstractChannelHandlerContext.java:340)
	at io.netty.channel.DefaultChannelPipeline$HeadContext.channelRead(DefaultChannelPipeline.java:1408)
	at io.netty.channel.AbstractChannelHandlerContext.invokeChannelRead(AbstractChannelHandlerContext.java:362)
	at io.netty.channel.AbstractChannelHandlerContext.invokeChannelRead(AbstractChannelHandlerContext.java:348)
	at io.netty.channel.DefaultChannelPipeline.fireChannelRead(DefaultChannelPipeline.java:930)
	at io.netty.channel.epoll.AbstractEpollStreamChannel$EpollStreamUnsafe.epollInReady(AbstractEpollStreamChannel.java:799)
	at io.netty.channel.epoll.EpollEventLoop.processReady(EpollEventLoop.java:427)
	at io.netty.channel.epoll.EpollEventLoop.run(EpollEventLoop.java:328)
	at io.netty.util.concurrent.SingleThreadEventExecutor$5.run(SingleThreadEventExecutor.java:905)
	at java.lang.Thread.run(Thread.java:748)
Caused by: java.sql.SQLException: Error
	at com.alibaba.druid.pool.DruidDataSource.handleConnectionException(DruidDataSource.java:1614)
	at com.alibaba.druid.pool.DruidPooledConnection.handleException(DruidPooledConnection.java:133)
	at com.alibaba.druid.pool.DruidPooledStatement.checkException(DruidPooledStatement.java:77)
	at com.alibaba.druid.pool.DruidPooledResultSet.checkException(DruidPooledResultSet.java:55)
	at com.alibaba.druid.pool.DruidPooledResultSet.getInt(DruidPooledResultSet.java:295)
	at org.apache.ibatis.type.IntegerTypeHandler.getNullableResult(IntegerTypeHandler.java:37)
	at org.apache.ibatis.type.IntegerTypeHandler.getNullableResult(IntegerTypeHandler.java:26)
	at org.apache.ibatis.type.BaseTypeHandler.getResult(BaseTypeHandler.java:81)
	at org.apache.ibatis.executor.resultset.DefaultResultSetHandler.getPropertyMappingValue(DefaultResultSetHandler.java:472)
	at org.apache.ibatis.executor.resultset.DefaultResultSetHandler.applyPropertyMappings(DefaultResultSetHandler.java:441)
	at org.apache.ibatis.executor.resultset.DefaultResultSetHandler.getRowValue(DefaultResultSetHandler.java:404)
	at org.apache.ibatis.executor.resultset.DefaultResultSetHandler.handleRowValuesForSimpleResultMap(DefaultResultSetHandler.java:354)
	at org.apache.ibatis.executor.resultset.DefaultResultSetHandler.handleRowValues(DefaultResultSetHandler.java:328)
	at org.apache.ibatis.executor.resultset.DefaultResultSetHandler.handleResultSet(DefaultResultSetHandler.java:301)
	at org.apache.ibatis.executor.resultset.DefaultResultSetHandler.handleResultSets(DefaultResultSetHandler.java:194)
	at org.apache.ibatis.executor.statement.PreparedStatementHandler.query(PreparedStatementHandler.java:65)
	at org.apache.ibatis.executor.statement.RoutingStatementHandler.query(RoutingStatementHandler.java:79)
	at org.apache.ibatis.executor.SimpleExecutor.doQuery(SimpleExecutor.java:63)
	at org.apache.ibatis.executor.BaseExecutor.queryFromDatabase(BaseExecutor.java:324)
	at org.apache.ibatis.executor.BaseExecutor.query(BaseExecutor.java:156)
	at org.apache.ibatis.executor.CachingExecutor.query(CachingExecutor.java:109)
	at com.github.pagehelper.PageInterceptor.intercept(PageInterceptor.java:143)
	at org.apache.ibatis.plugin.Plugin.invoke(Plugin.java:61)
	at com.sun.proxy.$Proxy79.query(Unknown Source)
	at org.apache.ibatis.session.defaults.DefaultSqlSession.selectList(DefaultSqlSession.java:148)
	at org.apache.ibatis.session.defaults.DefaultSqlSession.selectList(DefaultSqlSession.java:141)
	at org.apache.ibatis.session.defaults.DefaultSqlSession.selectOne(DefaultSqlSession.java:77)
	at sun.reflect.NativeMethodAccessorImpl.invoke0(Native Method)
	at sun.reflect.NativeMethodAccessorImpl.invoke(NativeMethodAccessorImpl.java:62)
	at sun.reflect.DelegatingMethodAccessorImpl.invoke(DelegatingMethodAccessorImpl.java:43)
	at java.lang.reflect.Method.invoke(Method.java:498)
	at org.mybatis.spring.SqlSessionTemplate$SqlSessionInterceptor.invoke(SqlSessionTemplate.java:433)
	... 75 common frames omitted
Caused by: java.lang.NumberFormatException: For input string: "laoniubile"
	at sun.misc.FloatingDecimal.readJavaFormatString(FloatingDecimal.java:2043)
	at sun.misc.FloatingDecimal.parseDouble(FloatingDecimal.java:110)
	at java.lang.Double.parseDouble(Double.java:538)
	at com.mysql.cj.protocol.a.MysqlTextValueDecoder.decodeDouble(MysqlTextValueDecoder.java:228)
	at com.mysql.cj.result.StringConverter.createFromBytes(StringConverter.java:114)
	at com.mysql.cj.protocol.a.MysqlTextValueDecoder.decodeByteArray(MysqlTextValueDecoder.java:238)
	at com.mysql.cj.protocol.result.AbstractResultsetRow.decodeAndCreateReturnValue(AbstractResultsetRow.java:143)
	at com.mysql.cj.protocol.result.AbstractResultsetRow.getValueFromBytes(AbstractResultsetRow.java:250)
	at com.mysql.cj.protocol.a.result.ByteArrayRow.getValue(ByteArrayRow.java:91)
	at com.mysql.cj.jdbc.result.ResultSetImpl.getNonStringValueFromRow(ResultSetImpl.java:656)
	at com.mysql.cj.jdbc.result.ResultSetImpl.getInt(ResultSetImpl.java:896)
	at com.mysql.cj.jdbc.result.ResultSetImpl.getInt(ResultSetImpl.java:916)
	at com.alibaba.druid.pool.DruidPooledResultSet.getInt(DruidPooledResultSet.java:293)
	... 102 common frames omitted
2019-03-12 17:20:58.781 [reactor-http-epoll-2] ERROR o.s.b.a.w.r.error.AbstractErrorWebExceptionHandler - [23cd733b] 500 Server Error for HTTP GET "/pro-intro/save?content=123213&product_id=2"
java.lang.IllegalStateException: block()/blockFirst()/blockLast() are blocking, which is not supported in thread reactor-http-epoll-2
	at reactor.core.publisher.BlockingSingleSubscriber.blockingGet(BlockingSingleSubscriber.java:77)
	at reactor.core.publisher.Mono.block(Mono.java:1494)
	at com.wyw.eshop.webflux.handler.ProductIntroductionHandler.save(ProductIntroductionHandler.java:56)
	at org.springframework.web.reactive.function.server.support.HandlerFunctionAdapter.handle(HandlerFunctionAdapter.java:61)
	at org.springframework.web.reactive.DispatcherHandler.invokeHandler(DispatcherHandler.java:166)
	at org.springframework.web.reactive.DispatcherHandler.lambda$handle$1(DispatcherHandler.java:151)
	at reactor.core.publisher.MonoFlatMap$FlatMapMain.onNext(MonoFlatMap.java:118)
	at reactor.core.publisher.FluxSwitchIfEmpty$SwitchIfEmptySubscriber.onNext(FluxSwitchIfEmpty.java:67)
	at reactor.core.publisher.MonoNext$NextSubscriber.onNext(MonoNext.java:76)
	at reactor.core.publisher.FluxConcatMap$ConcatMapImmediate.innerNext(FluxConcatMap.java:275)
	at reactor.core.publisher.FluxConcatMap$ConcatMapInner.onNext(FluxConcatMap.java:849)
	at reactor.core.publisher.FluxMap$MapSubscriber.onNext(FluxMap.java:114)
	at reactor.core.publisher.FluxPeek$PeekSubscriber.onNext(FluxPeek.java:192)
	at reactor.core.publisher.FluxSwitchIfEmpty$SwitchIfEmptySubscriber.onNext(FluxSwitchIfEmpty.java:67)
	at reactor.core.publisher.Operators$ScalarSubscription.request(Operators.java:2070)
	at reactor.core.publisher.Operators$MultiSubscriptionSubscriber.set(Operators.java:1878)
	at reactor.core.publisher.Operators$MultiSubscriptionSubscriber.onSubscribe(Operators.java:1752)
	at reactor.core.publisher.MonoJust.subscribe(MonoJust.java:54)
	at reactor.core.publisher.MonoDefer.subscribe(MonoDefer.java:52)
	at reactor.core.publisher.Mono.subscribe(Mono.java:3694)
	at reactor.core.publisher.FluxSwitchIfEmpty$SwitchIfEmptySubscriber.onComplete(FluxSwitchIfEmpty.java:75)
	at reactor.core.publisher.FluxSwitchIfEmpty$SwitchIfEmptySubscriber.onComplete(FluxSwitchIfEmpty.java:78)
	at reactor.core.publisher.Operators.complete(Operators.java:131)
	at reactor.core.publisher.MonoEmpty.subscribe(MonoEmpty.java:45)
	at reactor.core.publisher.MonoDefer.subscribe(MonoDefer.java:52)
	at reactor.core.publisher.Mono.subscribe(Mono.java:3694)
	at reactor.core.publisher.FluxSwitchIfEmpty$SwitchIfEmptySubscriber.onComplete(FluxSwitchIfEmpty.java:75)
	at reactor.core.publisher.Operators.complete(Operators.java:131)
	at reactor.core.publisher.MonoEmpty.subscribe(MonoEmpty.java:45)
	at reactor.core.publisher.MonoSwitchIfEmpty.subscribe(MonoSwitchIfEmpty.java:44)
	at reactor.core.publisher.MonoSwitchIfEmpty.subscribe(MonoSwitchIfEmpty.java:44)
	at reactor.core.publisher.MonoPeek.subscribe(MonoPeek.java:71)
	at reactor.core.publisher.MonoMap.subscribe(MonoMap.java:55)
	at reactor.core.publisher.Mono.subscribe(Mono.java:3694)
	at reactor.core.publisher.FluxConcatMap$ConcatMapImmediate.drain(FluxConcatMap.java:442)
	at reactor.core.publisher.FluxConcatMap$ConcatMapImmediate.onSubscribe(FluxConcatMap.java:212)
	at reactor.core.publisher.FluxIterable.subscribe(FluxIterable.java:139)
	at reactor.core.publisher.FluxIterable.subscribe(FluxIterable.java:63)
	at reactor.core.publisher.FluxConcatMap.subscribe(FluxConcatMap.java:121)
	at reactor.core.publisher.MonoNext.subscribe(MonoNext.java:40)
	at reactor.core.publisher.MonoSwitchIfEmpty.subscribe(MonoSwitchIfEmpty.java:44)
	at reactor.core.publisher.MonoFlatMap.subscribe(MonoFlatMap.java:60)
	at reactor.core.publisher.MonoFlatMap.subscribe(MonoFlatMap.java:60)
	at reactor.core.publisher.MonoDefer.subscribe(MonoDefer.java:52)
	at reactor.core.publisher.MonoDefer.subscribe(MonoDefer.java:52)
	at reactor.core.publisher.MonoOnErrorResume.subscribe(MonoOnErrorResume.java:44)
	at reactor.core.publisher.MonoOnErrorResume.subscribe(MonoOnErrorResume.java:44)
	at reactor.core.publisher.MonoPeekTerminal.subscribe(MonoPeekTerminal.java:61)
	at reactor.core.publisher.MonoOnErrorResume.subscribe(MonoOnErrorResume.java:44)
	at reactor.core.publisher.Mono.subscribe(Mono.java:3694)
	at reactor.core.publisher.MonoIgnoreThen$ThenIgnoreMain.drain(MonoIgnoreThen.java:172)
	at reactor.core.publisher.MonoIgnoreThen.subscribe(MonoIgnoreThen.java:56)
	at reactor.core.publisher.MonoPeekFuseable.subscribe(MonoPeekFuseable.java:70)
	at reactor.core.publisher.MonoPeekTerminal.subscribe(MonoPeekTerminal.java:61)
	at reactor.netty.http.server.HttpServerHandle.onStateChange(HttpServerHandle.java:64)
	at reactor.netty.tcp.TcpServerBind$ChildObserver.onStateChange(TcpServerBind.java:234)
	at reactor.netty.http.server.HttpServerOperations.onInboundNext(HttpServerOperations.java:436)
	at reactor.netty.channel.ChannelOperationsHandler.channelRead(ChannelOperationsHandler.java:141)
	at io.netty.channel.AbstractChannelHandlerContext.invokeChannelRead(AbstractChannelHandlerContext.java:362)
	at io.netty.channel.AbstractChannelHandlerContext.invokeChannelRead(AbstractChannelHandlerContext.java:348)
	at io.netty.channel.AbstractChannelHandlerContext.fireChannelRead(AbstractChannelHandlerContext.java:340)
	at reactor.netty.http.server.HttpTrafficHandler.channelRead(HttpTrafficHandler.java:162)
	at io.netty.channel.AbstractChannelHandlerContext.invokeChannelRead(AbstractChannelHandlerContext.java:362)
	at io.netty.channel.AbstractChannelHandlerContext.invokeChannelRead(AbstractChannelHandlerContext.java:348)
	at io.netty.channel.AbstractChannelHandlerContext.fireChannelRead(AbstractChannelHandlerContext.java:340)
	at io.netty.channel.CombinedChannelDuplexHandler$DelegatingChannelHandlerContext.fireChannelRead(CombinedChannelDuplexHandler.java:438)
	at io.netty.handler.codec.ByteToMessageDecoder.fireChannelRead(ByteToMessageDecoder.java:323)
	at io.netty.handler.codec.ByteToMessageDecoder.channelRead(ByteToMessageDecoder.java:297)
	at io.netty.channel.CombinedChannelDuplexHandler.channelRead(CombinedChannelDuplexHandler.java:253)
	at io.netty.channel.AbstractChannelHandlerContext.invokeChannelRead(AbstractChannelHandlerContext.java:362)
	at io.netty.channel.AbstractChannelHandlerContext.invokeChannelRead(AbstractChannelHandlerContext.java:348)
	at io.netty.channel.AbstractChannelHandlerContext.fireChannelRead(AbstractChannelHandlerContext.java:340)
	at io.netty.channel.DefaultChannelPipeline$HeadContext.channelRead(DefaultChannelPipeline.java:1408)
	at io.netty.channel.AbstractChannelHandlerContext.invokeChannelRead(AbstractChannelHandlerContext.java:362)
	at io.netty.channel.AbstractChannelHandlerContext.invokeChannelRead(AbstractChannelHandlerContext.java:348)
	at io.netty.channel.DefaultChannelPipeline.fireChannelRead(DefaultChannelPipeline.java:930)
	at io.netty.channel.epoll.AbstractEpollStreamChannel$EpollStreamUnsafe.epollInReady(AbstractEpollStreamChannel.java:799)
	at io.netty.channel.epoll.EpollEventLoop.processReady(EpollEventLoop.java:427)
	at io.netty.channel.epoll.EpollEventLoop.run(EpollEventLoop.java:328)
	at io.netty.util.concurrent.SingleThreadEventExecutor$5.run(SingleThreadEventExecutor.java:905)
	at java.lang.Thread.run(Thread.java:748)
