2019-03-04 10:38:04.935 [main] DEBUG com.wyw.eshop.cache.EshopCacheApplication - Running with Spring Boot v2.1.3.RELEASE, Spring v5.1.5.RELEASE
2019-03-04 10:52:50.205 [main] DEBUG com.wyw.eshop.cache.EshopCacheApplication - Running with Spring Boot v2.1.3.RELEASE, Spring v5.1.5.RELEASE
2019-03-04 10:54:02.365 [Thread-5] DEBUG c.w.e.c.m.ProductInfoMapper.selectByPrimaryKey - ==>  Preparing: SELECT id,name,price,pictures,specification,service,color,size,shop_id FROM product_info WHERE id = ? 
2019-03-04 10:54:02.392 [Thread-5] DEBUG c.w.e.c.m.ProductInfoMapper.selectByPrimaryKey - ==> Parameters: 1(Integer)
2019-03-04 10:54:02.414 [Thread-5] DEBUG c.w.e.c.m.ProductInfoMapper.selectByPrimaryKey - <==      Total: 1
2019-03-04 11:00:36.331 [Thread-6] DEBUG c.w.e.c.m.ProductInfoMapper.selectByPrimaryKey - ==>  Preparing: SELECT id,name,price,pictures,specification,service,color,size,shop_id FROM product_info WHERE id = ? 
2019-03-04 11:00:36.332 [Thread-6] DEBUG c.w.e.c.m.ProductInfoMapper.selectByPrimaryKey - ==> Parameters: 2(Integer)
2019-03-04 11:00:36.338 [Thread-6] DEBUG c.w.e.c.m.ProductInfoMapper.selectByPrimaryKey - <==      Total: 1
2019-03-04 11:01:22.614 [Thread-7] DEBUG c.w.e.c.m.ProductInfoMapper.selectByPrimaryKey - ==>  Preparing: SELECT id,name,price,pictures,specification,service,color,size,shop_id FROM product_info WHERE id = ? 
2019-03-04 11:01:22.615 [Thread-7] DEBUG c.w.e.c.m.ProductInfoMapper.selectByPrimaryKey - ==> Parameters: 2(Integer)
2019-03-04 11:01:22.618 [Thread-7] DEBUG c.w.e.c.m.ProductInfoMapper.selectByPrimaryKey - <==      Total: 1
2019-03-04 11:03:51.621 [main] DEBUG com.wyw.eshop.cache.EshopCacheApplication - Running with Spring Boot v2.1.3.RELEASE, Spring v5.1.5.RELEASE
2019-03-04 11:05:05.977 [Thread-4] DEBUG c.w.e.c.m.ProductInfoMapper.selectByPrimaryKey - ==>  Preparing: SELECT id,name,price,pictures,specification,service,color,size,shop_id FROM product_info WHERE id = ? 
2019-03-04 11:05:06.011 [Thread-4] DEBUG c.w.e.c.m.ProductInfoMapper.selectByPrimaryKey - ==> Parameters: 2(Integer)
2019-03-04 11:05:06.037 [Thread-4] DEBUG c.w.e.c.m.ProductInfoMapper.selectByPrimaryKey - <==      Total: 1
2019-03-04 11:05:21.669 [Thread-5] DEBUG c.w.e.c.m.ProductInfoMapper.selectByPrimaryKey - ==>  Preparing: SELECT id,name,price,pictures,specification,service,color,size,shop_id FROM product_info WHERE id = ? 
2019-03-04 11:05:21.669 [Thread-5] DEBUG c.w.e.c.m.ProductInfoMapper.selectByPrimaryKey - ==> Parameters: 1(Integer)
2019-03-04 11:05:21.672 [Thread-5] DEBUG c.w.e.c.m.ProductInfoMapper.selectByPrimaryKey - <==      Total: 1
2019-03-04 11:21:34.092 [main] DEBUG com.wyw.eshop.cache.EshopCacheApplication - Running with Spring Boot v2.1.3.RELEASE, Spring 2019-03-04 14:05:31.169 [Thread-4] DEBUG c.w.e.c.m.ProductInfoMapper.selectByPrimaryKey - ==>  Preparing: SELECT id,name,price,pictures,specification,service,color,size,shop_id FROM product_info WHERE id = ?
                                                                                                                                 2019-03-04 14:05:31.223 [Thread-4] DEBUG c.w.e.c.m.ProductInfoMapper.selectByPrimaryKey - ==> Parameters: 1(Integer)
                                                                                                                                 2019-03-04 14:05:31.261 [Thread-4] DEBUG c.w.e.c.m.ProductInfoMapper.selectByPrimaryKey - <==      Total: 1
v5.1.5.RELEASE
2019-03-04 11:23:52.379 [main] DEBUG com.wyw.eshop.cache.EshopCacheApplication - Running with Spring Boot v2.1.3.RELEASE, Spring v5.1.5.RELEASE
2019-03-04 11:24:19.569 [Thread-4] DEBUG c.w.e.c.m.ProductInfoMapper.selectByPrimaryKey - ==>  Preparing: SELECT id,name,price,pictures,specification,service,color,size,shop_id FROM product_info WHERE id = ? 
2019-03-04 11:24:19.609 [Thread-4] DEBUG c.w.e.c.m.ProductInfoMapper.selectByPrimaryKey - ==> Parameters: 1(Integer)
2019-03-04 11:24:19.644 [Thread-4] DEBUG c.w.e.c.m.ProductInfoMapper.selectByPrimaryKey - <==      Total: 1
2019-03-04 12:56:18.309 [main] DEBUG com.wyw.eshop.cache.EshopCacheApplication - Running with Spring Boot v2.1.3.RELEASE, Spring v5.1.5.RELEASE
2019-03-04 12:58:02.977 [Thread-4] DEBUG c.w.e.c.m.ProductInfoMapper.selectByPrimaryKey - ==>  Preparing: SELECT id,name,price,pictures,specification,service,color,size,shop_id FROM product_info WHERE id = ? 
2019-03-04 12:58:03.004 [Thread-4] DEBUG c.w.e.c.m.ProductInfoMapper.selectByPrimaryKey - ==> Parameters: 1(Integer)
2019-03-04 12:58:03.027 [Thread-4] DEBUG c.w.e.c.m.ProductInfoMapper.selectByPrimaryKey - <==      Total: 1
2019-03-04 13:44:53.044 [main] DEBUG com.wyw.eshop.cache.EshopCacheApplication - Running with Spring Boot v2.1.3.RELEASE, Spring v5.1.5.RELEASE
2019-03-04 13:46:21.249 [Thread-4] DEBUG c.w.e.c.m.ProductInfoMapper.selectByPrimaryKey - ==>  Preparing: SELECT id,name,price,pictures,specification,service,color,size,shop_id FROM product_info WHERE id = ? 
2019-03-04 13:46:21.289 [Thread-4] DEBUG c.w.e.c.m.ProductInfoMapper.selectByPrimaryKey - ==> Parameters: 1(Integer)
2019-03-04 13:46:21.314 [Thread-4] DEBUG c.w.e.c.m.ProductInfoMapper.selectByPrimaryKey - <==      Total: 1
2019-03-04 13:53:37.333 [main] DEBUG com.wyw.eshop.cache.EshopCacheApplication - Running with Spring Boot v2.1.3.RELEASE, Spring v5.1.5.RELEASE
2019-03-04 13:58:12.568 [main] DEBUG com.wyw.eshop.cache.EshopCacheApplication - Running with Spring Boot v2.1.3.RELEASE, Spring v5.1.5.RELEASE
2019-03-04 13:59:04.489 [Thread-4] DEBUG c.w.e.c.m.ProductInfoMapper.selectByPrimaryKey - ==>  Preparing: SELECT id,name,price,pictures,specification,service,color,size,shop_id FROM product_info WHERE id = ? 
2019-03-04 13:59:04.549 [Thread-4] DEBUG c.w.e.c.m.ProductInfoMapper.selectByPrimaryKey - ==> Parameters: 1(Integer)
2019-03-04 13:59:04.620 [Thread-4] DEBUG c.w.e.c.m.ProductInfoMapper.selectByPrimaryKey - <==      Total: 1
2019-03-04 14:04:58.243 [main] DEBUG com.wyw.eshop.cache.EshopCacheApplication - Running with Spring Boot v2.1.3.RELEASE, Spring v5.1.5.RELEASE
