2019-06-08 12:13:42.179 [main] INFO  com.wyw.eshop.kafka.EshopKafkaApplication - Starting EshopKafkaApplication on search with PID 26097 (/home/wyw/app/workspace/eshop-kafka/target/classes started by wyw in /home/wyw/app/workspace/eshop-inventory)
2019-06-08 12:13:42.194 [main] INFO  com.wyw.eshop.kafka.EshopKafkaApplication - The following profiles are active: dev
2019-06-08 12:13:43.342 [main] INFO  o.s.c.s.PostProcessorRegistrationDelegate$BeanPostProcessorChecker - Bean 'org.springframework.kafka.annotation.KafkaBootstrapConfiguration' of type [org.springframework.kafka.annotation.KafkaBootstrapConfiguration$$EnhancerBySpringCGLIB$$3680c2ec] is not eligible for getting processed by all BeanPostProcessors (for example: not eligible for auto-proxying)
2019-06-08 12:13:43.893 [main] INFO  o.s.boot.web.embedded.tomcat.TomcatWebServer - Tomcat initialized with port(s): 8082 (http)
2019-06-08 12:13:43.943 [main] INFO  org.apache.coyote.http11.Http11NioProtocol - Initializing ProtocolHandler ["http-nio-8082"]
2019-06-08 12:13:43.955 [main] INFO  org.apache.catalina.core.StandardService - Starting service [Tomcat]
2019-06-08 12:13:43.972 [main] INFO  org.apache.catalina.core.StandardEngine - Starting Servlet engine: [Apache Tomcat/9.0.19]
2019-06-08 12:13:44.372 [main] INFO  o.a.c.core.ContainerBase.[Tomcat].[localhost].[/] - Initializing Spring embedded WebApplicationContext
2019-06-08 12:13:44.372 [main] INFO  org.springframework.web.context.ContextLoader - Root WebApplicationContext: initialization completed in 2116 ms
2019-06-08 12:13:45.002 [main] INFO  o.s.scheduling.concurrent.ThreadPoolTaskExecutor - Initializing ExecutorService 'applicationTaskExecutor'
2019-06-08 12:13:45.380 [main] INFO  org.apache.coyote.http11.Http11NioProtocol - Starting ProtocolHandler ["http-nio-8082"]
2019-06-08 12:13:45.409 [main] INFO  o.s.boot.web.embedded.tomcat.TomcatWebServer - Tomcat started on port(s): 8082 (http) with context path ''
2019-06-08 12:13:45.414 [main] INFO  com.wyw.eshop.kafka.EshopKafkaApplication - Started EshopKafkaApplication in 44.383 seconds (JVM running for 55.879)
2019-06-08 12:14:20.458 [http-nio-8082-exec-1] INFO  o.a.c.core.ContainerBase.[Tomcat].[localhost].[/] - Initializing Spring DispatcherServlet 'dispatcherServlet'
2019-06-08 12:14:20.460 [http-nio-8082-exec-1] INFO  org.springframework.web.servlet.DispatcherServlet - Initializing Servlet 'dispatcherServlet'
2019-06-08 12:14:20.488 [http-nio-8082-exec-1] INFO  org.springframework.web.servlet.DispatcherServlet - Completed initialization in 28 ms
2019-06-08 12:22:51.876 [Thread-3] INFO  o.s.scheduling.concurrent.ThreadPoolTaskExecutor - Shutting down ExecutorService 'applicationTaskExecutor'
2019-06-08 12:26:49.126 [main] INFO  com.wyw.eshop.kafka.EshopKafkaApplication - Starting EshopKafkaApplication on search with PID 26773 (/home/wyw/app/workspace/eshop-kafka/target/classes started by wyw in /home/wyw/app/workspace/eshop-inventory)
2019-06-08 12:26:49.130 [main] INFO  com.wyw.eshop.kafka.EshopKafkaApplication - The following profiles are active: dev
2019-06-08 12:26:53.160 [main] INFO  o.s.c.s.PostProcessorRegistrationDelegate$BeanPostProcessorChecker - Bean 'org.springframework.kafka.annotation.KafkaBootstrapConfiguration' of type [org.springframework.kafka.annotation.KafkaBootstrapConfiguration$$EnhancerBySpringCGLIB$$758d10f2] is not eligible for getting processed by all BeanPostProcessors (for example: not eligible for auto-proxying)
2019-06-08 12:26:54.282 [main] INFO  o.s.boot.web.embedded.tomcat.TomcatWebServer - Tomcat initialized with port(s): 8082 (http)
2019-06-08 12:26:54.374 [main] INFO  org.apache.coyote.http11.Http11NioProtocol - Initializing ProtocolHandler ["http-nio-8082"]
2019-06-08 12:26:54.420 [main] INFO  org.apache.catalina.core.StandardService - Starting service [Tomcat]
2019-06-08 12:26:54.421 [main] INFO  org.apache.catalina.core.StandardEngine - Starting Servlet engine: [Apache Tomcat/9.0.19]
2019-06-08 12:26:54.769 [main] INFO  o.a.c.core.ContainerBase.[Tomcat].[localhost].[/] - Initializing Spring embedded WebApplicationContext
2019-06-08 12:26:54.770 [main] INFO  org.springframework.web.context.ContextLoader - Root WebApplicationContext: initialization completed in 5549 ms
2019-06-08 12:26:56.045 [main] INFO  o.s.scheduling.concurrent.ThreadPoolTaskExecutor - Initializing ExecutorService 'applicationTaskExecutor'
2019-06-08 12:26:56.952 [main] INFO  org.apache.coyote.http11.Http11NioProtocol - Starting ProtocolHandler ["http-nio-8082"]
2019-06-08 12:26:57.022 [main] INFO  o.s.boot.web.embedded.tomcat.TomcatWebServer - Tomcat started on port(s): 8082 (http) with context path ''
2019-06-08 12:26:57.030 [main] INFO  com.wyw.eshop.kafka.EshopKafkaApplication - Started EshopKafkaApplication in 49.153 seconds (JVM running for 61.579)
2019-06-08 12:27:15.071 [http-nio-8082-exec-1] INFO  o.a.c.core.ContainerBase.[Tomcat].[localhost].[/] - Initializing Spring DispatcherServlet 'dispatcherServlet'
2019-06-08 12:27:15.072 [http-nio-8082-exec-1] INFO  org.springframework.web.servlet.DispatcherServlet - Initializing Servlet 'dispatcherServlet'
2019-06-08 12:27:15.139 [http-nio-8082-exec-1] INFO  org.springframework.web.servlet.DispatcherServlet - Completed initialization in 66 ms
2019-06-08 12:28:08.995 [Thread-3] INFO  o.s.scheduling.concurrent.ThreadPoolTaskExecutor - Shutting down ExecutorService 'applicationTaskExecutor'
